[ 2023-04-21 11:41:36,333 ] 25 root - INFO - Data Ingestion methods Starts
[ 2023-04-21 11:41:36,457 ] 28 root - INFO - Dataset read as pandas dataframe
[ 2023-04-21 11:41:37,265 ] 31 root - INFO - train test split
[ 2023-04-21 11:41:38,099 ] 35 root - INFO - Ingestion of Data is completed
[ 2023-04-21 11:41:38,264 ] 81 root - INFO - Read train and test data completed
[ 2023-04-21 11:41:38,267 ] 82 root - INFO - Train Dataframe Head : 
      id  carat      cut color clarity  depth  table     x     y     z  price
0  81602   0.41    Ideal     G    VVS2   62.0   55.0  4.77  4.79  2.96   1007
1   7655   0.40    Ideal     J     VS1   61.9   56.0  4.71  4.79  2.94    810
2  45059   0.71    Ideal     E     SI2   61.1   57.0  5.74  5.79  3.52   2002
3  47976   0.40  Premium     F     VS1   60.2   60.0  4.80  4.75  2.88   1113
4   2092   1.33  Premium     I     SI1   61.6   58.0  7.03  6.95  4.31   6787
[ 2023-04-21 11:41:38,270 ] 83 root - INFO - Test Dataframe Head  : 
       id  carat        cut color clarity  depth  table     x     y     z  price
0   95089   0.30  Very Good     G     VS2   63.0   59.0  4.24  4.27  2.68    526
1  172760   1.00    Premium     F     SI2   61.1   58.0  6.40  6.45  3.93   3421
2   66981   1.13    Premium     H     VS2   61.2   59.0  6.70  6.68  4.09   5384
3  139893   0.70  Very Good     E     VS2   62.3   59.0  5.66  5.72  3.55   3223
4  126759   1.50       Good     H     VS2   60.5   62.0  7.44  7.48  4.50  11508
[ 2023-04-21 11:41:38,270 ] 85 root - INFO - Obtaining preprocessing object
[ 2023-04-21 11:41:38,270 ] 30 root - INFO - Data Transformation initiated
[ 2023-04-21 11:41:38,270 ] 40 root - INFO - Pipeline Initiated
[ 2023-04-21 11:41:38,520 ] 100 root - INFO - Applying preprocessing object on training and testing datasets.
[ 2023-04-21 11:41:38,528 ] 111 root - INFO - Preprocessor pickle file saved
[ 2023-04-21 11:41:38,532 ] 26 root - INFO - Splitting Dependent and independent variables from train and test
[ 2023-04-21 11:41:39,352 ] 42 root - INFO - Model Report : {'LinearRegression': 0.9369232861263365, 'Lasso': 0.9369075584923506, 'Ridge': 0.936922437069842, 'Elasticnet': 0.8557890109056382}
[ 2023-04-21 11:41:39,352 ] 54 root - INFO - Best Model Found , Model Name : LinearRegression , R2 Score : 0.9369232861263365
